This is XeTeX, Version 3.141592653-2.6-0.999995 (TeX Live 2023) (preloaded format=xelatex 2023.10.22)  4 JUN 2024 23:09
entering extended mode
 restricted \write18 enabled.
 %&-line parsing enabled.
**index.tex
(./index.tex
LaTeX2e <2023-06-01> patch level 1
L3 programming layer <2023-10-10>
(c:/Users/joshu/AppData/Roaming/TinyTeX/texmf-dist/tex/latex/koma-script/scrbook.cls
Document Class: scrbook 2023/07/07 v3.41 KOMA-Script document class (book)
(c:/Users/joshu/AppData/Roaming/TinyTeX/texmf-dist/tex/latex/koma-script/scrkbase.sty
Package: scrkbase 2023/07/07 v3.41 KOMA-Script package (KOMA-Script-dependent basics and keyval usage)
(c:/Users/joshu/AppData/Roaming/TinyTeX/texmf-dist/tex/latex/koma-script/scrbase.sty
Package: scrbase 2023/07/07 v3.41 KOMA-Script package (KOMA-Script-independent basics and keyval usage)
(c:/Users/joshu/AppData/Roaming/TinyTeX/texmf-dist/tex/latex/koma-script/scrlfile.sty
Package: scrlfile 2023/07/07 v3.41 KOMA-Script package (file load hooks)
(c:/Users/joshu/AppData/Roaming/TinyTeX/texmf-dist/tex/latex/koma-script/scrlfile-hook.sty
Package: scrlfile-hook 2023/07/07 v3.41 KOMA-Script package (using LaTeX hooks)
(c:/Users/joshu/AppData/Roaming/TinyTeX/texmf-dist/tex/latex/koma-script/scrlogo.sty
Package: scrlogo 2023/07/07 v3.41 KOMA-Script package (logo)
))) (c:/Users/joshu/AppData/Roaming/TinyTeX/texmf-dist/tex/latex/graphics/keyval.sty
Package: keyval 2022/05/29 v1.15 key=value parser (DPC)
\KV@toks@=\toks17
)
Applying: [2021/05/01] Usage of raw or classic option list on input line 252.
Already applied: [0000/00/00] Usage of raw or classic option list on input line 368.
)) (c:/Users/joshu/AppData/Roaming/TinyTeX/texmf-dist/tex/latex/koma-script/tocbasic.sty
Package: tocbasic 2023/07/07 v3.41 KOMA-Script package (handling toc-files)
\scr@dte@tocline@numberwidth=\skip48
\scr@dte@tocline@numbox=\box51
)
Package tocbasic Info: omitting babel extension for `toc'
(tocbasic)             because of feature `nobabel' available
(tocbasic)             for `toc' on input line 135.

Package scrbook Warning: You've used deprecated option `9pt'.
(scrbook)                Usage of this option indicates an old document
(scrbook)                and changes compatibility level using
(scrbook)                `fontsize=9pt,version=first,
(scrbook)                enabledeprecatedfontcommands' that may result
(scrbook)                in further warnings.
(scrbook)                If you don't want this, you should simply
(scrbook)                replace option `9pt' by `fontsize=9pt'.

Class scrbook Info: Switching compatibility level to `first'.

Class scrbook Warning: Switching back to an old KOMA-Script release does
(scrbook)              not mean, that KOMA-Script is fully compatible with
(scrbook)              the old release. If you need full compatibility
(scrbook)              to an old KOMA-Script release, you should use that
(scrbook)              old KOMA-Script release. However, in that case you
(scrbook)              could also need old releases of other packages and
(scrbook)              even of the LaTeX kernel.
(scrbook)              You should also note, that the KOMA-Script developers
(scrbook)              refuse support for documents using `version=first'.
(scrbook)              We recommend to eliminate all deprecated options
(scrbook)              and commands. We also recommend to not use option
(scrbook)              `version', i.e., with other values than `last'.


Class scrbook Warning: deprecated option `enabledeprecatedfontcommands'.
(scrbook)              Note, that this option was already depreacted when
(scrbook)              it has been defined. Support for old font commands
(scrbook)              has been removed from KOMA-Script more than one
(scrbook)              decade ago. It is not recommended to use them any
(scrbook)              longer. Therefore usage of this class option also
(scrbook)              is not recommended.

(c:/Users/joshu/AppData/Roaming/TinyTeX/texmf-dist/tex/latex/koma-script/typearea.sty
Package: typearea 2023/07/07 v3.41 KOMA-Script package (type area)
\ta@bcor=\skip49
\ta@div=\count181
Package typearea Info: You've used standard option `letterpaper'.
(typearea)             This is correct!
(typearea)             Internally I'm using `paper=letter'.
(typearea)             If you'd like to set the option with \KOMAoptions,
(typearea)             you'd have to use `paper=letter' there
(typearea)             instead of `letterpaper', too.
\ta@hblk=\skip50
\ta@vblk=\skip51
\ta@temp=\skip52
\footheight=\skip53

Package typearea Warning: DIV for 9.0pt and used papersize
(typearea)                not defined!
(typearea)                Using DIV=calc.

DIV calculation for typearea with good linewidth.
Package typearea Info: These are the values describing the layout:
(typearea)             DIV  = 6
(typearea)             BCOR = 0.0pt
(typearea)             \paperwidth      = 614.295pt
(typearea)              \textwidth      = 307.14752pt
(typearea)              DIV departure   = 0%
(typearea)              \evensidemargin = 132.495pt
(typearea)              \oddsidemargin  = 30.1125pt
(typearea)             \paperheight     = 794.96999pt
(typearea)              \textheight     = 397.79901pt
(typearea)              \topmargin      = 30.5251pt
(typearea)              \headheight     = 13.49995pt
(typearea)              \headsep        = 16.19995pt
(typearea)              \topskip        = 9.0pt
(typearea)              \footskip       = 37.79988pt
(typearea)              \baselineskip   = 10.79997pt
(typearea)              on input line 1799.
)
\c@part=\count182
\c@chapter=\count183
\c@section=\count184
\c@subsection=\count185
\c@subsubsection=\count186
\c@paragraph=\count187
\c@subparagraph=\count188
\scr@dte@chapter@maxnumwidth=\skip54
Class scrbook Info: using compatibility default `afterindent=bysign'
(scrbook)           for `\chapter on input line 5990.
\scr@dte@section@maxnumwidth=\skip55
Class scrbook Info: using compatibility default `runin=bysign'
(scrbook)           for `\section on input line 6001.
Class scrbook Info: using compatibility default `afterindent=bysign'
(scrbook)           for `\section on input line 6001.
\scr@dte@part@maxnumwidth=\skip56
Class scrbook Info: using compatibility default `afterindent=true'
(scrbook)           for `\part on input line 6010.
\scr@dte@subsection@maxnumwidth=\skip57
Class scrbook Info: using compatibility default `runin=bysign'
(scrbook)           for `\subsection on input line 6020.
Class scrbook Info: using compatibility default `afterindent=bysign'
(scrbook)           for `\subsection on input line 6020.
\scr@dte@subsubsection@maxnumwidth=\skip58
Class scrbook Info: using compatibility default `runin=bysign'
(scrbook)           for `\subsubsection on input line 6030.
Class scrbook Info: using compatibility default `afterindent=bysign'
(scrbook)           for `\subsubsection on input line 6030.
\scr@dte@paragraph@maxnumwidth=\skip59
Class scrbook Info: using compatibility default `runin=bysign'
(scrbook)           for `\paragraph on input line 6041.
Class scrbook Info: using compatibility default `afterindent=bysign'
(scrbook)           for `\paragraph on input line 6041.
\scr@dte@subparagraph@maxnumwidth=\skip60
Class scrbook Info: using compatibility default `runin=bysign'
(scrbook)           for `\subparagraph on input line 6051.
Class scrbook Info: using compatibility default `afterindent=bysign'
(scrbook)           for `\subparagraph on input line 6051.
\abovecaptionskip=\skip61
\belowcaptionskip=\skip62
\c@pti@nb@sid@b@x=\box52
Package tocbasic Info: omitting babel extension for `lof'
(tocbasic)             because of feature `nobabel' available
(tocbasic)             for `lof' on input line 7242.
\scr@dte@figure@maxnumwidth=\skip63
\c@figure=\count189
Package tocbasic Info: omitting babel extension for `lot'
(tocbasic)             because of feature `nobabel' available
(tocbasic)             for `lot' on input line 7259.
\scr@dte@table@maxnumwidth=\skip64
\c@table=\count190
Class scrbook Info: Using old \@makefntext due to compatibility level
(scrbook)           less than 3.22 on input line 7417.
Class scrbook Info: Redefining `\numberline' on input line 7430.
\bibindent=\dimen140
) (c:/Users/joshu/AppData/Roaming/TinyTeX/texmf-dist/tex/latex/amsmath/amsmath.sty
Package: amsmath 2023/05/13 v2.17o AMS math features
\@mathmargin=\skip65
For additional information on amsmath, use the `?' option.
(c:/Users/joshu/AppData/Roaming/TinyTeX/texmf-dist/tex/latex/amsmath/amstext.sty
Package: amstext 2021/08/26 v2.01 AMS text
(c:/Users/joshu/AppData/Roaming/TinyTeX/texmf-dist/tex/latex/amsmath/amsgen.sty
File: amsgen.sty 1999/11/30 v2.0 generic functions
\@emptytoks=\toks18
\ex@=\dimen141
)) (c:/Users/joshu/AppData/Roaming/TinyTeX/texmf-dist/tex/latex/amsmath/amsbsy.sty
Package: amsbsy 1999/11/29 v1.2d Bold Symbols
\pmbraise@=\dimen142
) (c:/Users/joshu/AppData/Roaming/TinyTeX/texmf-dist/tex/latex/amsmath/amsopn.sty
Package: amsopn 2022/04/08 v2.04 operator names
)
\inf@bad=\count191
LaTeX Info: Redefining \frac on input line 234.
\uproot@=\count192
\leftroot@=\count193
LaTeX Info: Redefining \overline on input line 399.
LaTeX Info: Redefining \colon on input line 410.
\classnum@=\count194
\DOTSCASE@=\count195
LaTeX Info: Redefining \ldots on input line 496.
LaTeX Info: Redefining \dots on input line 499.
LaTeX Info: Redefining \cdots on input line 620.
\Mathstrutbox@=\box53
\strutbox@=\box54
LaTeX Info: Redefining \big on input line 722.
LaTeX Info: Redefining \Big on input line 723.
LaTeX Info: Redefining \bigg on input line 724.
LaTeX Info: Redefining \Bigg on input line 725.
\big@size=\dimen143
LaTeX Font Info:    Redeclaring font encoding OML on input line 743.
LaTeX Font Info:    Redeclaring font encoding OMS on input line 744.
\macc@depth=\count196
LaTeX Info: Redefining \bmod on input line 905.
LaTeX Info: Redefining \pmod on input line 910.
LaTeX Info: Redefining \smash on input line 940.
LaTeX Info: Redefining \relbar on input line 970.
LaTeX Info: Redefining \Relbar on input line 971.
\c@MaxMatrixCols=\count197
\dotsspace@=\muskip16
\c@parentequation=\count198
\dspbrk@lvl=\count199
\tag@help=\toks19
\row@=\count266
\column@=\count267
\maxfields@=\count268
\andhelp@=\toks20
\eqnshift@=\dimen144
\alignsep@=\dimen145
\tagshift@=\dimen146
\tagwidth@=\dimen147
\totwidth@=\dimen148
\lineht@=\dimen149
\@envbody=\toks21
\multlinegap=\skip66
\multlinetaggap=\skip67
\mathdisplay@stack=\toks22
LaTeX Info: Redefining \[ on input line 2953.
LaTeX Info: Redefining \] on input line 2954.
) (c:/Users/joshu/AppData/Roaming/TinyTeX/texmf-dist/tex/latex/amsfonts/amssymb.sty
Package: amssymb 2013/01/14 v3.01 AMS font symbols
(c:/Users/joshu/AppData/Roaming/TinyTeX/texmf-dist/tex/latex/amsfonts/amsfonts.sty
Package: amsfonts 2013/01/14 v3.01 Basic AMSFonts support
\symAMSa=\mathgroup4
\symAMSb=\mathgroup5
LaTeX Font Info:    Redeclaring math symbol \hbar on input line 98.
LaTeX Font Info:    Overwriting math alphabet `\mathfrak' in version `bold'
(Font)                  U/euf/m/n --> U/euf/b/n on input line 106.
)) (c:/Users/joshu/AppData/Roaming/TinyTeX/texmf-dist/tex/generic/iftex/iftex.sty
Package: iftex 2022/02/03 v1.0f TeX engine tests
) (c:/Users/joshu/AppData/Roaming/TinyTeX/texmf-dist/tex/latex/unicode-math/unicode-math.sty (c:/Users/joshu/AppData/Roaming/TinyTeX/texmf-dist/tex/latex/l3kernel/expl3.sty
Package: expl3 2023-10-10 L3 programming layer (loader) 
(c:/Users/joshu/AppData/Roaming/TinyTeX/texmf-dist/tex/latex/l3backend/l3backend-xetex.def
File: l3backend-xetex.def 2023-10-10 L3 backend support: XeTeX
\g__graphics_track_int=\count269
\l__pdf_internal_box=\box55
\g__pdf_backend_object_int=\count270
\g__pdf_backend_annotation_int=\count271
\g__pdf_backend_link_int=\count272
))
Package: unicode-math 2023/08/13 v0.8r Unicode maths in XeLaTeX and LuaLaTeX
(c:/Users/joshu/AppData/Roaming/TinyTeX/texmf-dist/tex/latex/unicode-math/unicode-math-xetex.sty
Package: unicode-math-xetex 2023/08/13 v0.8r Unicode maths in XeLaTeX and LuaLaTeX
(c:/Users/joshu/AppData/Roaming/TinyTeX/texmf-dist/tex/latex/l3packages/xparse/xparse.sty
Package: xparse 2023-10-10 L3 Experimental document command parser
) (c:/Users/joshu/AppData/Roaming/TinyTeX/texmf-dist/tex/latex/l3packages/l3keys2e/l3keys2e.sty
Package: l3keys2e 2023-10-10 LaTeX2e option processing using LaTeX3 keys
) (c:/Users/joshu/AppData/Roaming/TinyTeX/texmf-dist/tex/latex/fontspec/fontspec.sty
Package: fontspec 2022/01/15 v2.8a Font selection for XeLaTeX and LuaLaTeX
(c:/Users/joshu/AppData/Roaming/TinyTeX/texmf-dist/tex/latex/fontspec/fontspec-xetex.sty
Package: fontspec-xetex 2022/01/15 v2.8a Font selection for XeLaTeX and LuaLaTeX
\l__fontspec_script_int=\count273
\l__fontspec_language_int=\count274
\l__fontspec_strnum_int=\count275
\l__fontspec_tmp_int=\count276
\l__fontspec_tmpa_int=\count277
\l__fontspec_tmpb_int=\count278
\l__fontspec_tmpc_int=\count279
\l__fontspec_em_int=\count280
\l__fontspec_emdef_int=\count281
\l__fontspec_strong_int=\count282
\l__fontspec_strongdef_int=\count283
\l__fontspec_tmpa_dim=\dimen150
\l__fontspec_tmpb_dim=\dimen151
\l__fontspec_tmpc_dim=\dimen152
(c:/Users/joshu/AppData/Roaming/TinyTeX/texmf-dist/tex/latex/base/fontenc.sty
Package: fontenc 2021/04/29 v2.0v Standard LaTeX package
) (c:/Users/joshu/AppData/Roaming/TinyTeX/texmf-dist/tex/latex/fontspec/fontspec.cfg))) (c:/Users/joshu/AppData/Roaming/TinyTeX/texmf-dist/tex/latex/base/fix-cm.sty
Package: fix-cm 2020/11/24 v1.1t fixes to LaTeX
(c:/Users/joshu/AppData/Roaming/TinyTeX/texmf-dist/tex/latex/base/ts1enc.def
File: ts1enc.def 2001/06/05 v3.0e (jk/car/fm) Standard LaTeX file
LaTeX Font Info:    Redeclaring font encoding TS1 on input line 47.
))
\g__um_fam_int=\count284
\g__um_fonts_used_int=\count285
\l__um_primecount_int=\count286
\g__um_primekern_muskip=\muskip17
(c:/Users/joshu/AppData/Roaming/TinyTeX/texmf-dist/tex/latex/unicode-math/unicode-math-table.tex))) (c:/Users/joshu/AppData/Roaming/TinyTeX/texmf-dist/tex/latex/lm/lmodern.sty
Package: lmodern 2015/05/01 v1.6.1 Latin Modern Fonts
LaTeX Font Info:    Overwriting symbol font `operators' in version `normal'
(Font)                  OT1/cmr/m/n --> OT1/lmr/m/n on input line 22.
LaTeX Font Info:    Overwriting symbol font `letters' in version `normal'
(Font)                  OML/cmm/m/it --> OML/lmm/m/it on input line 23.
LaTeX Font Info:    Overwriting symbol font `symbols' in version `normal'
(Font)                  OMS/cmsy/m/n --> OMS/lmsy/m/n on input line 24.
LaTeX Font Info:    Overwriting symbol font `largesymbols' in version `normal'
(Font)                  OMX/cmex/m/n --> OMX/lmex/m/n on input line 25.
LaTeX Font Info:    Overwriting symbol font `operators' in version `bold'
(Font)                  OT1/cmr/bx/n --> OT1/lmr/bx/n on input line 26.
LaTeX Font Info:    Overwriting symbol font `letters' in version `bold'
(Font)                  OML/cmm/b/it --> OML/lmm/b/it on input line 27.
LaTeX Font Info:    Overwriting symbol font `symbols' in version `bold'
(Font)                  OMS/cmsy/b/n --> OMS/lmsy/b/n on input line 28.
LaTeX Font Info:    Overwriting symbol font `largesymbols' in version `bold'
(Font)                  OMX/cmex/m/n --> OMX/lmex/m/n on input line 29.
LaTeX Font Info:    Overwriting math alphabet `\mathbf' in version `normal'
(Font)                  OT1/cmr/bx/n --> OT1/lmr/bx/n on input line 31.
LaTeX Font Info:    Overwriting math alphabet `\mathsf' in version `normal'
(Font)                  OT1/cmss/m/n --> OT1/lmss/m/n on input line 32.
LaTeX Font Info:    Overwriting math alphabet `\mathit' in version `normal'
(Font)                  OT1/cmr/m/it --> OT1/lmr/m/it on input line 33.
LaTeX Font Info:    Overwriting math alphabet `\mathtt' in version `normal'
(Font)                  OT1/cmtt/m/n --> OT1/lmtt/m/n on input line 34.
LaTeX Font Info:    Overwriting math alphabet `\mathbf' in version `bold'
(Font)                  OT1/cmr/bx/n --> OT1/lmr/bx/n on input line 35.
LaTeX Font Info:    Overwriting math alphabet `\mathsf' in version `bold'
(Font)                  OT1/cmss/bx/n --> OT1/lmss/bx/n on input line 36.
LaTeX Font Info:    Overwriting math alphabet `\mathit' in version `bold'
(Font)                  OT1/cmr/bx/it --> OT1/lmr/bx/it on input line 37.
LaTeX Font Info:    Overwriting math alphabet `\mathtt' in version `bold'
(Font)                  OT1/cmtt/m/n --> OT1/lmtt/m/n on input line 38.
) (c:/Users/joshu/AppData/Roaming/TinyTeX/texmf-dist/tex/latex/xcolor/xcolor.sty
Package: xcolor 2022/06/12 v2.14 LaTeX color extensions (UK)
(c:/Users/joshu/AppData/Roaming/TinyTeX/texmf-dist/tex/latex/graphics-cfg/color.cfg
File: color.cfg 2016/01/02 v1.6 sample color configuration
)
Package xcolor Info: Driver file: xetex.def on input line 227.
(c:/Users/joshu/AppData/Roaming/TinyTeX/texmf-dist/tex/latex/graphics-def/xetex.def
File: xetex.def 2022/09/22 v5.0n Graphics/color driver for xetex
) (c:/Users/joshu/AppData/Roaming/TinyTeX/texmf-dist/tex/latex/graphics/mathcolor.ltx)
Package xcolor Info: Model `cmy' substituted by `cmy0' on input line 1353.
Package xcolor Info: Model `RGB' extended on input line 1369.
Package xcolor Info: Model `HTML' substituted by `rgb' on input line 1371.
Package xcolor Info: Model `Hsb' substituted by `hsb' on input line 1372.
Package xcolor Info: Model `tHsb' substituted by `hsb' on input line 1373.
Package xcolor Info: Model `HSB' substituted by `hsb' on input line 1374.
Package xcolor Info: Model `Gray' substituted by `gray' on input line 1375.
Package xcolor Info: Model `wave' substituted by `hsb' on input line 1376.
) (c:/Users/joshu/AppData/Roaming/TinyTeX/texmf-dist/tex/latex/tools/longtable.sty
Package: longtable 2021-09-01 v4.17 Multi-page Table package (DPC)
\LTleft=\skip68
\LTright=\skip69
\LTpre=\skip70
\LTpost=\skip71
\LTchunksize=\count287
\LTcapwidth=\dimen153
\LT@head=\box56
\LT@firsthead=\box57
\LT@foot=\box58
\LT@lastfoot=\box59
\LT@gbox=\box60
\LT@cols=\count288
\LT@rows=\count289
\c@LT@tables=\count290
\c@LT@chunks=\count291
\LT@p@ftn=\toks23
)
Class scrbook Info: longtable captions redefined on input line 57.
(c:/Users/joshu/AppData/Roaming/TinyTeX/texmf-dist/tex/latex/booktabs/booktabs.sty
Package: booktabs 2020/01/12 v1.61803398 Publication quality tables
\heavyrulewidth=\dimen154
\lightrulewidth=\dimen155
\cmidrulewidth=\dimen156
\belowrulesep=\dimen157
\belowbottomsep=\dimen158
\aboverulesep=\dimen159
\abovetopsep=\dimen160
\cmidrulesep=\dimen161
\cmidrulekern=\dimen162
\defaultaddspace=\dimen163
\@cmidla=\count292
\@cmidlb=\count293
\@aboverulesep=\dimen164
\@belowrulesep=\dimen165
\@thisruleclass=\count294
\@lastruleclass=\count295
\@thisrulewidth=\dimen166
) (c:/Users/joshu/AppData/Roaming/TinyTeX/texmf-dist/tex/latex/tools/array.sty
Package: array 2022/09/04 v2.5g Tabular extension package (FMi)
\col@sep=\dimen167
\ar@mcellbox=\box61
\extrarowheight=\dimen168
\NC@list=\toks24
\extratabsurround=\skip72
\backup@length=\skip73
\ar@cellbox=\box62
) (c:/Users/joshu/AppData/Roaming/TinyTeX/texmf-dist/tex/latex/tools/calc.sty
Package: calc 2017/05/25 v4.3 Infix arithmetic (KKT,FJ)
\calc@Acount=\count296
\calc@Bcount=\count297
\calc@Adimen=\dimen169
\calc@Bdimen=\dimen170
\calc@Askip=\skip74
\calc@Bskip=\skip75
LaTeX Info: Redefining \setlength on input line 80.
LaTeX Info: Redefining \addtolength on input line 81.
\calc@Ccount=\count298
\calc@Cskip=\skip76
) (c:/Users/joshu/AppData/Roaming/TinyTeX/texmf-dist/tex/latex/etoolbox/etoolbox.sty
Package: etoolbox 2020/10/05 v2.5k e-TeX tools for LaTeX (JAW)
\etb@tempcnta=\count299
) (c:/Users/joshu/AppData/Roaming/TinyTeX/texmf-dist/tex/latex/mdwtools/footnote.sty
Package: footnote 1997/01/28 1.13 Save footnotes around boxes
\fn@notes=\box63
\fn@width=\dimen171
) (c:/Users/joshu/AppData/Roaming/TinyTeX/texmf-dist/tex/latex/graphics/graphicx.sty
Package: graphicx 2021/09/16 v1.2d Enhanced LaTeX Graphics (DPC,SPQR)
(c:/Users/joshu/AppData/Roaming/TinyTeX/texmf-dist/tex/latex/graphics/graphics.sty
Package: graphics 2022/03/10 v1.4e Standard LaTeX Graphics (DPC,SPQR)
(c:/Users/joshu/AppData/Roaming/TinyTeX/texmf-dist/tex/latex/graphics/trig.sty
Package: trig 2021/08/11 v1.11 sin cos tan (DPC)
) (c:/Users/joshu/AppData/Roaming/TinyTeX/texmf-dist/tex/latex/graphics-cfg/graphics.cfg
File: graphics.cfg 2016/06/04 v1.11 sample graphics configuration
)
Package graphics Info: Driver file: xetex.def on input line 107.
)
\Gin@req@height=\dimen172
\Gin@req@width=\dimen173
) (c:/Users/joshu/AppData/Roaming/TinyTeX/texmf-dist/tex/latex/bookmark/bookmark.sty
Package: bookmark 2020-11-06 v1.29 PDF bookmarks (HO)
(c:/Users/joshu/AppData/Roaming/TinyTeX/texmf-dist/tex/latex/hyperref/hyperref.sty
Package: hyperref 2023-07-08 v7.01b Hypertext links for LaTeX
(c:/Users/joshu/AppData/Roaming/TinyTeX/texmf-dist/tex/generic/ltxcmds/ltxcmds.sty
Package: ltxcmds 2020-05-10 v1.25 LaTeX kernel commands for general use (HO)
) (c:/Users/joshu/AppData/Roaming/TinyTeX/texmf-dist/tex/generic/pdftexcmds/pdftexcmds.sty
Package: pdftexcmds 2020-06-27 v0.33 Utility functions of pdfTeX for LuaTeX (HO)
(c:/Users/joshu/AppData/Roaming/TinyTeX/texmf-dist/tex/generic/infwarerr/infwarerr.sty
Package: infwarerr 2019/12/03 v1.5 Providing info/warning/error messages (HO)
)
Package pdftexcmds Info: \pdf@primitive is available.
Package pdftexcmds Info: \pdf@ifprimitive is available.
Package pdftexcmds Info: \pdfdraftmode not found.
) (c:/Users/joshu/AppData/Roaming/TinyTeX/texmf-dist/tex/latex/kvsetkeys/kvsetkeys.sty
Package: kvsetkeys 2022-10-05 v1.19 Key value parser (HO)
) (c:/Users/joshu/AppData/Roaming/TinyTeX/texmf-dist/tex/generic/kvdefinekeys/kvdefinekeys.sty
Package: kvdefinekeys 2019-12-19 v1.6 Define keys (HO)
) (c:/Users/joshu/AppData/Roaming/TinyTeX/texmf-dist/tex/generic/pdfescape/pdfescape.sty
Package: pdfescape 2019/12/09 v1.15 Implements pdfTeX's escape features (HO)
) (c:/Users/joshu/AppData/Roaming/TinyTeX/texmf-dist/tex/latex/hycolor/hycolor.sty
Package: hycolor 2020-01-27 v1.10 Color options for hyperref/bookmark (HO)
) (c:/Users/joshu/AppData/Roaming/TinyTeX/texmf-dist/tex/latex/letltxmacro/letltxmacro.sty
Package: letltxmacro 2019/12/03 v1.6 Let assignment for LaTeX macros (HO)
) (c:/Users/joshu/AppData/Roaming/TinyTeX/texmf-dist/tex/latex/auxhook/auxhook.sty
Package: auxhook 2019-12-17 v1.6 Hooks for auxiliary files (HO)
) (c:/Users/joshu/AppData/Roaming/TinyTeX/texmf-dist/tex/latex/hyperref/nameref.sty
Package: nameref 2023-08-07 v2.53 Cross-referencing by name of section
(c:/Users/joshu/AppData/Roaming/TinyTeX/texmf-dist/tex/latex/refcount/refcount.sty
Package: refcount 2019/12/15 v3.6 Data extraction from label references (HO)
) (c:/Users/joshu/AppData/Roaming/TinyTeX/texmf-dist/tex/generic/gettitlestring/gettitlestring.sty
Package: gettitlestring 2019/12/15 v1.6 Cleanup title references (HO)
(c:/Users/joshu/AppData/Roaming/TinyTeX/texmf-dist/tex/latex/kvoptions/kvoptions.sty
Package: kvoptions 2022-06-15 v3.15 Key value format for package options (HO)
))
\c@section@level=\count300
)
\@linkdim=\dimen174
\Hy@linkcounter=\count301
\Hy@pagecounter=\count302
(c:/Users/joshu/AppData/Roaming/TinyTeX/texmf-dist/tex/latex/hyperref/pd1enc.def
File: pd1enc.def 2023-07-08 v7.01b Hyperref: PDFDocEncoding definition (HO)
) (c:/Users/joshu/AppData/Roaming/TinyTeX/texmf-dist/tex/generic/intcalc/intcalc.sty
Package: intcalc 2019/12/15 v1.3 Expandable calculations with integers (HO)
)
\Hy@SavedSpaceFactor=\count303
(c:/Users/joshu/AppData/Roaming/TinyTeX/texmf-dist/tex/latex/hyperref/puenc.def
File: puenc.def 2023-07-08 v7.01b Hyperref: PDF Unicode definition (HO)
)
Package hyperref Info: Option `unicode' set `true' on input line 4050.
Package hyperref Info: Hyper figures OFF on input line 4167.
Package hyperref Info: Link nesting OFF on input line 4172.
Package hyperref Info: Hyper index ON on input line 4175.
Package hyperref Info: Plain pages OFF on input line 4182.
Package hyperref Info: Backreferencing OFF on input line 4187.
Package hyperref Info: Implicit mode ON; LaTeX internals redefined.
Package hyperref Info: Bookmarks ON on input line 4434.
\c@Hy@tempcnt=\count304
(c:/Users/joshu/AppData/Roaming/TinyTeX/texmf-dist/tex/latex/url/url.sty
\Urlmuskip=\muskip18
Package: url 2013/09/16  ver 3.4  Verb mode for urls, etc.
)
LaTeX Info: Redefining \url on input line 4772.
\XeTeXLinkMargin=\dimen175
(c:/Users/joshu/AppData/Roaming/TinyTeX/texmf-dist/tex/generic/bitset/bitset.sty
Package: bitset 2019/12/09 v1.3 Handle bit-vector datatype (HO)
(c:/Users/joshu/AppData/Roaming/TinyTeX/texmf-dist/tex/generic/bigintcalc/bigintcalc.sty
Package: bigintcalc 2019/12/15 v1.5 Expandable calculations on big integers (HO)
))
\Fld@menulength=\count305
\Field@Width=\dimen176
\Fld@charsize=\dimen177
Package hyperref Info: Hyper figures OFF on input line 6051.
Package hyperref Info: Link nesting OFF on input line 6056.
Package hyperref Info: Hyper index ON on input line 6059.
Package hyperref Info: backreferencing OFF on input line 6066.
Package hyperref Info: Link coloring OFF on input line 6071.
Package hyperref Info: Link coloring with OCG OFF on input line 6076.
Package hyperref Info: PDF/A mode OFF on input line 6081.
(c:/Users/joshu/AppData/Roaming/TinyTeX/texmf-dist/tex/latex/base/atbegshi-ltx.sty
Package: atbegshi-ltx 2021/01/10 v1.0c Emulation of the original atbegshi
package with kernel methods
)
\Hy@abspage=\count306
\c@Item=\count307
\c@Hfootnote=\count308
)
Package hyperref Info: Driver (autodetected): hxetex.
(c:/Users/joshu/AppData/Roaming/TinyTeX/texmf-dist/tex/latex/hyperref/hxetex.def
File: hxetex.def 2023-07-08 v7.01b Hyperref driver for XeTeX
(c:/Users/joshu/AppData/Roaming/TinyTeX/texmf-dist/tex/generic/stringenc/stringenc.sty
Package: stringenc 2019/11/29 v1.12 Convert strings between diff. encodings (HO)
)
\pdfm@box=\box64
\c@Hy@AnnotLevel=\count309
\HyField@AnnotCount=\count310
\Fld@listcount=\count311
\c@bookmark@seq@number=\count312
(c:/Users/joshu/AppData/Roaming/TinyTeX/texmf-dist/tex/latex/rerunfilecheck/rerunfilecheck.sty
Package: rerunfilecheck 2022-07-10 v1.10 Rerun checks for auxiliary files (HO)
(c:/Users/joshu/AppData/Roaming/TinyTeX/texmf-dist/tex/latex/base/atveryend-ltx.sty
Package: atveryend-ltx 2020/08/19 v1.0a Emulation of the original atveryend package
with kernel methods
) (c:/Users/joshu/AppData/Roaming/TinyTeX/texmf-dist/tex/generic/uniquecounter/uniquecounter.sty
Package: uniquecounter 2019/12/15 v1.4 Provide unlimited unique counter (HO)
)
Package uniquecounter Info: New unique counter `rerunfilecheck' on input line 285.
)
\Hy@SectionHShift=\skip77
) (c:/Users/joshu/AppData/Roaming/TinyTeX/texmf-dist/tex/latex/bookmark/bkm-dvipdfm.def
File: bkm-dvipdfm.def 2020-11-06 v1.29 bookmark driver for dvipdfm (HO)
\BKM@id=\count313
)) (c:/Users/joshu/AppData/Roaming/TinyTeX/texmf-dist/tex/latex/caption/caption.sty
Package: caption 2023/08/05 v3.6o Customizing captions (AR)
(c:/Users/joshu/AppData/Roaming/TinyTeX/texmf-dist/tex/latex/caption/caption3.sty
Package: caption3 2023/07/31 v2.4d caption3 kernel (AR)
\caption@tempdima=\dimen178
\captionmargin=\dimen179
\caption@leftmargin=\dimen180
\caption@rightmargin=\dimen181
\caption@width=\dimen182
\caption@indent=\dimen183
\caption@parindent=\dimen184
\caption@hangindent=\dimen185
Package caption Info: KOMA-Script document class detected.
(c:/Users/joshu/AppData/Roaming/TinyTeX/texmf-dist/tex/latex/caption/caption-koma.sto
File: caption-koma.sto 2023/09/08 v2.0e Adaption of the caption package to the KOMA-Script document classes (AR)
))
\c@caption@flags=\count314
\c@continuedfloat=\count315
Package caption Info: hyperref package is loaded.
Package caption Info: longtable package is loaded.
(c:/Users/joshu/AppData/Roaming/TinyTeX/texmf-dist/tex/latex/caption/ltcaption.sty
Package: ltcaption 2021/01/08 v1.4c longtable captions (AR)
)
Package caption Info: KOMA-Script scrextend package detected.
\caption@addmargin@hsize=\dimen186
\caption@addmargin@linewidth=\dimen187
) (c:/Users/joshu/AppData/Roaming/TinyTeX/texmf-dist/tex/latex/float/float.sty
Package: float 2001/11/08 v1.3d Float enhancements (AL)
\c@float@type=\count316
\float@exts=\toks25
\float@box=\box65
\@float@everytoks=\toks26
\@floatcapt=\box66
)
\@float@every@codelisting=\toks27
\c@codelisting=\count317
(c:/Users/joshu/AppData/Roaming/TinyTeX/texmf-dist/tex/latex/caption/subcaption.sty
Package: subcaption 2023/07/28 v1.6b Sub-captions (AR)
Package caption Info: New subtype `subfigure' on input line 238.
\c@subfigure=\count318
Package caption Info: New subtype `subtable' on input line 238.
\c@subtable=\count319
) (./index.aux)
\openout1 = `index.aux'.

LaTeX Font Info:    Checking defaults for OML/cmm/m/it on input line 148.
LaTeX Font Info:    ... okay on input line 148.
LaTeX Font Info:    Checking defaults for OMS/cmsy/m/n on input line 148.
LaTeX Font Info:    ... okay on input line 148.
LaTeX Font Info:    Checking defaults for OT1/cmr/m/n on input line 148.
LaTeX Font Info:    ... okay on input line 148.
LaTeX Font Info:    Checking defaults for T1/cmr/m/n on input line 148.
LaTeX Font Info:    ... okay on input line 148.
LaTeX Font Info:    Checking defaults for TS1/cmr/m/n on input line 148.
LaTeX Font Info:    ... okay on input line 148.
LaTeX Font Info:    Checking defaults for TU/lmr/m/n on input line 148.
LaTeX Font Info:    ... okay on input line 148.
LaTeX Font Info:    Checking defaults for OMX/cmex/m/n on input line 148.
LaTeX Font Info:    ... okay on input line 148.
LaTeX Font Info:    Checking defaults for U/cmr/m/n on input line 148.
LaTeX Font Info:    ... okay on input line 148.
LaTeX Font Info:    Checking defaults for PD1/pdf/m/n on input line 148.
LaTeX Font Info:    ... okay on input line 148.
LaTeX Font Info:    Checking defaults for PU/pdf/m/n on input line 148.
LaTeX Font Info:    ... okay on input line 148.
Package scrbase Info: activating english \partname on input line 148.
Package scrbase Info: activating english \chaptername on input line 148.
Package scrbase Info: activating english \appendixname on input line 148.
Package scrbase Info: activating english \figurename on input line 148.
Package scrbase Info: activating english \tablename on input line 148.
Package scrbase Info: activating english \contentsname on input line 148.
Package scrbase Info: activating english \listfigurename on input line 148.
Package scrbase Info: activating english \listtablename on input line 148.
Package scrbase Info: activating english \bibname on input line 148.
Package scrbase Info: activating english \indexname on input line 148.
LaTeX Font Info:    Overwriting math alphabet `\mathrm' in version `normal'
(Font)                  OT1/lmr/m/n --> TU/lmr/m/n on input line 148.
LaTeX Font Info:    Overwriting math alphabet `\mathit' in version `normal'
(Font)                  OT1/lmr/m/it --> TU/lmr/m/it on input line 148.
LaTeX Font Info:    Overwriting math alphabet `\mathbf' in version `normal'
(Font)                  OT1/lmr/bx/n --> TU/lmr/bx/n on input line 148.
LaTeX Font Info:    Overwriting math alphabet `\mathsf' in version `normal'
(Font)                  OT1/lmss/m/n --> TU/lmss/m/n on input line 148.
LaTeX Font Info:    Overwriting math alphabet `\mathsf' in version `bold'
(Font)                  OT1/lmss/bx/n --> TU/lmss/bx/n on input line 148.
LaTeX Font Info:    Overwriting math alphabet `\mathtt' in version `normal'
(Font)                  OT1/lmtt/m/n --> TU/lmtt/m/n on input line 148.
LaTeX Font Info:    Overwriting math alphabet `\mathtt' in version `bold'
(Font)                  OT1/lmtt/m/n --> TU/lmtt/bx/n on input line 148.

Package fontspec Info: latinmodern-math scale = 0.9999960663218141.


Package fontspec Info: latinmodern-math scale = 0.9999960663218141.


Package fontspec Info: latinmodern-math scale = 0.9999960663218141.


Package fontspec Info: Font family 'latinmodern-math.otf(0)' created for font
(fontspec)             'latinmodern-math.otf' with options
(fontspec)             [Scale=MatchLowercase,BoldItalicFont={},ItalicFont={},SmallCapsFont={},Script=Math,BoldFont={latinmodern-math.otf}].
(fontspec)              
(fontspec)              This font family consists of the following NFSS
(fontspec)             series/shapes:
(fontspec)              
(fontspec)             - 'normal' (m/n) with NFSS spec.:
(fontspec)             <->s*[0.9999960663218141]"[latinmodern-math.otf]/OT:script=math;language=dflt;"
(fontspec)             - 'small caps'  (m/sc) with NFSS spec.: 
(fontspec)             - 'bold' (b/n) with NFSS spec.:
(fontspec)             <->s*[0.9999960663218141]"[latinmodern-math.otf]/OT:script=math;language=dflt;"
(fontspec)             - 'bold small caps'  (b/sc) with NFSS spec.: 

LaTeX Font Info:    Font shape `TU/latinmodern-math.otf(0)/m/n' will be
(Font)              scaled to size 9.0pt on input line 148.

Package fontspec Info: latinmodern-math scale = 0.9999960663218141.


Package fontspec Info: latinmodern-math scale = 0.9999960663218141.


Package fontspec Info: latinmodern-math scale = 0.9999960663218141.


Package fontspec Info: latinmodern-math scale = 0.9999960663218141.


Package fontspec Info: latinmodern-math scale = 0.9999960663218141.


Package fontspec Info: Font family 'latinmodern-math.otf(1)' created for font
(fontspec)             'latinmodern-math.otf' with options
(fontspec)             [Scale=MatchLowercase,BoldItalicFont={},ItalicFont={},SmallCapsFont={},Script=Math,SizeFeatures={{Size=7.65-},{Size=5.4-7.65,Font=latinmodern-math.otf,Style=MathScript},{Size=-5.4,Font=latinmodern-math.otf,Style=MathScriptScript}},BoldFont={latinmodern-math.otf}].
(fontspec)              
(fontspec)              This font family consists of the following NFSS
(fontspec)             series/shapes:
(fontspec)              
(fontspec)             - 'normal' (m/n) with NFSS spec.:
(fontspec)             <7.65->s*[0.9999960663218141]"[latinmodern-math.otf]/OT:script=math;language=dflt;"<5.4-7.65>s*[0.9999960663218141]"[latinmodern-math.otf]/OT:script=math;language=dflt;+ssty=0;"<-5.4>s*[0.9999960663218141]"[latinmodern-math.otf]/OT:script=math;language=dflt;+ssty=1;"
(fontspec)             - 'small caps'  (m/sc) with NFSS spec.: 
(fontspec)             - 'bold' (b/n) with NFSS spec.:
(fontspec)             <->s*[0.9999960663218141]"[latinmodern-math.otf]/OT:script=math;language=dflt;"
(fontspec)             - 'bold small caps'  (b/sc) with NFSS spec.: 

LaTeX Font Info:    Font shape `TU/latinmodern-math.otf(1)/m/n' will be
(Font)              scaled to size 9.0pt on input line 148.
LaTeX Font Info:    Encoding `OT1' has changed to `TU' for symbol font
(Font)              `operators' in the math version `normal' on input line 148.
LaTeX Font Info:    Overwriting symbol font `operators' in version `normal'
(Font)                  OT1/lmr/m/n --> TU/latinmodern-math.otf(1)/m/n on input line 148.
LaTeX Font Info:    Encoding `OT1' has changed to `TU' for symbol font
(Font)              `operators' in the math version `bold' on input line 148.
LaTeX Font Info:    Overwriting symbol font `operators' in version `bold'
(Font)                  OT1/lmr/bx/n --> TU/latinmodern-math.otf(1)/b/n on input line 148.

Package fontspec Info: latinmodern-math scale = 0.9999960663218141.


Package fontspec Info: latinmodern-math scale = 1.000096065928446.


Package fontspec Info: latinmodern-math scale = 0.9999960663218141.


Package fontspec Info: latinmodern-math scale = 1.000096065928446.


Package fontspec Info: latinmodern-math scale = 0.9999960663218141.


Package fontspec Info: latinmodern-math scale = 1.000096065928446.


Package fontspec Info: latinmodern-math scale = 0.9999960663218141.


Package fontspec Info: latinmodern-math scale = 1.000096065928446.


Package fontspec Info: latinmodern-math scale = 0.9999960663218141.


Package fontspec Info: latinmodern-math scale = 1.000096065928446.


Package fontspec Info: Font family 'latinmodern-math.otf(2)' created for font
(fontspec)             'latinmodern-math.otf' with options
(fontspec)             [Scale=MatchLowercase,BoldItalicFont={},ItalicFont={},SmallCapsFont={},Script=Math,SizeFeatures={{Size=7.65-},{Size=5.4-7.65,Font=latinmodern-math.otf,Style=MathScript},{Size=-5.4,Font=latinmodern-math.otf,Style=MathScriptScript}},BoldFont={latinmodern-math.otf},ScaleAgain=1.0001,FontAdjustment={\fontdimen
(fontspec)             8\font =6.093pt\relax \fontdimen 9\font =3.546pt\relax
(fontspec)             \fontdimen 10\font =3.996pt\relax \fontdimen 11\font
(fontspec)             =6.174pt\relax \fontdimen 12\font =3.105pt\relax
(fontspec)             \fontdimen 13\font =3.267pt\relax \fontdimen 14\font
(fontspec)             =3.267pt\relax \fontdimen 15\font =2.601pt\relax
(fontspec)             \fontdimen 16\font =2.223pt\relax \fontdimen 17\font
(fontspec)             =2.223pt\relax \fontdimen 18\font =2.25pt\relax
(fontspec)             \fontdimen 19\font =1.8pt\relax \fontdimen 22\font
(fontspec)             =2.25pt\relax \fontdimen 20\font =0pt\relax \fontdimen
(fontspec)             21\font =0pt\relax }].
(fontspec)              
(fontspec)              This font family consists of the following NFSS
(fontspec)             series/shapes:
(fontspec)              
(fontspec)             - 'normal' (m/n) with NFSS spec.:
(fontspec)             <7.65->s*[1.000096065928446]"[latinmodern-math.otf]/OT:script=math;language=dflt;"<5.4-7.65>s*[1.000096065928446]"[latinmodern-math.otf]/OT:script=math;language=dflt;+ssty=0;"<-5.4>s*[1.000096065928446]"[latinmodern-math.otf]/OT:script=math;language=dflt;+ssty=1;"
(fontspec)             - 'small caps'  (m/sc) with NFSS spec.: 
(fontspec)             and font adjustment code:
(fontspec)             \fontdimen 8\font =6.093pt\relax \fontdimen 9\font
(fontspec)             =3.546pt\relax \fontdimen 10\font =3.996pt\relax
(fontspec)             \fontdimen 11\font =6.174pt\relax \fontdimen 12\font
(fontspec)             =3.105pt\relax \fontdimen 13\font =3.267pt\relax
(fontspec)             \fontdimen 14\font =3.267pt\relax \fontdimen 15\font
(fontspec)             =2.601pt\relax \fontdimen 16\font =2.223pt\relax
(fontspec)             \fontdimen 17\font =2.223pt\relax \fontdimen 18\font
(fontspec)             =2.25pt\relax \fontdimen 19\font =1.8pt\relax
(fontspec)             \fontdimen 22\font =2.25pt\relax \fontdimen 20\font
(fontspec)             =0pt\relax \fontdimen 21\font =0pt\relax 
(fontspec)             - 'bold' (b/n) with NFSS spec.:
(fontspec)             <->s*[1.000096065928446]"[latinmodern-math.otf]/OT:script=math;language=dflt;"
(fontspec)             - 'bold small caps'  (b/sc) with NFSS spec.: 
(fontspec)             and font adjustment code:
(fontspec)             \fontdimen 8\font =6.093pt\relax \fontdimen 9\font
(fontspec)             =3.546pt\relax \fontdimen 10\font =3.996pt\relax
(fontspec)             \fontdimen 11\font =6.174pt\relax \fontdimen 12\font
(fontspec)             =3.105pt\relax \fontdimen 13\font =3.267pt\relax
(fontspec)             \fontdimen 14\font =3.267pt\relax \fontdimen 15\font
(fontspec)             =2.601pt\relax \fontdimen 16\font =2.223pt\relax
(fontspec)             \fontdimen 17\font =2.223pt\relax \fontdimen 18\font
(fontspec)             =2.25pt\relax \fontdimen 19\font =1.8pt\relax
(fontspec)             \fontdimen 22\font =2.25pt\relax \fontdimen 20\font
(fontspec)             =0pt\relax \fontdimen 21\font =0pt\relax 

LaTeX Font Info:    Encoding `OMS' has changed to `TU' for symbol font
(Font)              `symbols' in the math version `normal' on input line 148.
LaTeX Font Info:    Overwriting symbol font `symbols' in version `normal'
(Font)                  OMS/lmsy/m/n --> TU/latinmodern-math.otf(2)/m/n on input line 148.
LaTeX Font Info:    Encoding `OMS' has changed to `TU' for symbol font
(Font)              `symbols' in the math version `bold' on input line 148.
LaTeX Font Info:    Overwriting symbol font `symbols' in version `bold'
(Font)                  OMS/lmsy/b/n --> TU/latinmodern-math.otf(2)/b/n on input line 148.

Package fontspec Info: latinmodern-math scale = 0.9999960663218141.


Package fontspec Info: latinmodern-math scale = 0.9998960667151819.


Package fontspec Info: latinmodern-math scale = 0.9999960663218141.


Package fontspec Info: latinmodern-math scale = 0.9998960667151819.


Package fontspec Info: latinmodern-math scale = 0.9999960663218141.


Package fontspec Info: latinmodern-math scale = 0.9998960667151819.


Package fontspec Info: latinmodern-math scale = 0.9999960663218141.


Package fontspec Info: latinmodern-math scale = 0.9998960667151819.


Package fontspec Info: latinmodern-math scale = 0.9999960663218141.


Package fontspec Info: latinmodern-math scale = 0.9998960667151819.


Package fontspec Info: Font family 'latinmodern-math.otf(3)' created for font
(fontspec)             'latinmodern-math.otf' with options
(fontspec)             [Scale=MatchLowercase,BoldItalicFont={},ItalicFont={},SmallCapsFont={},Script=Math,SizeFeatures={{Size=7.65-},{Size=5.4-7.65,Font=latinmodern-math.otf,Style=MathScript},{Size=-5.4,Font=latinmodern-math.otf,Style=MathScriptScript}},BoldFont={latinmodern-math.otf},ScaleAgain=0.9999,FontAdjustment={\fontdimen
(fontspec)             8\font =0.36pt\relax \fontdimen 9\font =1.8pt\relax
(fontspec)             \fontdimen 10\font =1.503pt\relax \fontdimen 11\font
(fontspec)             =0.999pt\relax \fontdimen 12\font =5.4pt\relax
(fontspec)             \fontdimen 13\font =0pt\relax }].
(fontspec)              
(fontspec)              This font family consists of the following NFSS
(fontspec)             series/shapes:
(fontspec)              
(fontspec)             - 'normal' (m/n) with NFSS spec.:
(fontspec)             <7.65->s*[0.9998960667151819]"[latinmodern-math.otf]/OT:script=math;language=dflt;"<5.4-7.65>s*[0.9998960667151819]"[latinmodern-math.otf]/OT:script=math;language=dflt;+ssty=0;"<-5.4>s*[0.9998960667151819]"[latinmodern-math.otf]/OT:script=math;language=dflt;+ssty=1;"
(fontspec)             - 'small caps'  (m/sc) with NFSS spec.: 
(fontspec)             and font adjustment code:
(fontspec)             \fontdimen 8\font =0.36pt\relax \fontdimen 9\font
(fontspec)             =1.8pt\relax \fontdimen 10\font =1.503pt\relax
(fontspec)             \fontdimen 11\font =0.999pt\relax \fontdimen 12\font
(fontspec)             =5.4pt\relax \fontdimen 13\font =0pt\relax 
(fontspec)             - 'bold' (b/n) with NFSS spec.:
(fontspec)             <->s*[0.9998960667151819]"[latinmodern-math.otf]/OT:script=math;language=dflt;"
(fontspec)             - 'bold small caps'  (b/sc) with NFSS spec.: 
(fontspec)             and font adjustment code:
(fontspec)             \fontdimen 8\font =0.36pt\relax \fontdimen 9\font
(fontspec)             =1.8pt\relax \fontdimen 10\font =1.503pt\relax
(fontspec)             \fontdimen 11\font =0.999pt\relax \fontdimen 12\font
(fontspec)             =5.4pt\relax \fontdimen 13\font =0pt\relax 

LaTeX Font Info:    Encoding `OMX' has changed to `TU' for symbol font
(Font)              `largesymbols' in the math version `normal' on input line 148.
LaTeX Font Info:    Overwriting symbol font `largesymbols' in version `normal'
(Font)                  OMX/lmex/m/n --> TU/latinmodern-math.otf(3)/m/n on input line 148.
LaTeX Font Info:    Encoding `OMX' has changed to `TU' for symbol font
(Font)              `largesymbols' in the math version `bold' on input line 148.
LaTeX Font Info:    Overwriting symbol font `largesymbols' in version `bold'
(Font)                  OMX/lmex/m/n --> TU/latinmodern-math.otf(3)/b/n on input line 148.
Package hyperref Info: Link coloring OFF on input line 148.
Package caption Info: Begin \AtBeginDocument code.
Package caption Info: float package is loaded.
Package caption Info: End \AtBeginDocument code.
LaTeX Font Info:    Calculating math sizes for size <12.96002> on input line 151.
LaTeX Font Info:    Font shape `TU/latinmodern-math.otf(1)/m/n' will be
(Font)              scaled to size 12.96002pt on input line 151.
LaTeX Font Info:    Font shape `TU/latinmodern-math.otf(1)/m/n' will be
(Font)              scaled to size 9.07198pt on input line 151.
LaTeX Font Info:    Font shape `TU/latinmodern-math.otf(1)/m/n' will be
(Font)              scaled to size 6.48001pt on input line 151.
LaTeX Font Info:    Trying to load font information for OML+lmm on input line 151.
(c:/Users/joshu/AppData/Roaming/TinyTeX/texmf-dist/tex/latex/lm/omllmm.fd
File: omllmm.fd 2015/05/01 v1.6.1 Font defs for Latin Modern
)
LaTeX Font Info:    Font shape `TU/latinmodern-math.otf(2)/m/n' will be
(Font)              scaled to size 12.9612pt on input line 151.
LaTeX Font Info:    Font shape `TU/latinmodern-math.otf(2)/m/n' will be
(Font)              scaled to size 9.0728pt on input line 151.
LaTeX Font Info:    Font shape `TU/latinmodern-math.otf(2)/m/n' will be
(Font)              scaled to size 6.48059pt on input line 151.
LaTeX Font Info:    Font shape `TU/latinmodern-math.otf(3)/m/n' will be
(Font)              scaled to size 12.95863pt on input line 151.
LaTeX Font Info:    Font shape `TU/latinmodern-math.otf(3)/m/n' will be
(Font)              scaled to size 9.071pt on input line 151.
LaTeX Font Info:    Font shape `TU/latinmodern-math.otf(3)/m/n' will be
(Font)              scaled to size 6.47931pt on input line 151.
LaTeX Font Info:    Trying to load font information for U+msa on input line 151.
(c:/Users/joshu/AppData/Roaming/TinyTeX/texmf-dist/tex/latex/amsfonts/umsa.fd
File: umsa.fd 2013/01/14 v3.01 AMS symbols A
)
LaTeX Font Info:    Trying to load font information for U+msb on input line 151.
(c:/Users/joshu/AppData/Roaming/TinyTeX/texmf-dist/tex/latex/amsfonts/umsb.fd
File: umsb.fd 2013/01/14 v3.01 AMS symbols B
) [1




] [2

] (./index.toc
LaTeX Font Info:    Font shape `TU/latinmodern-math.otf(1)/m/n' will be
(Font)              scaled to size 6.3pt on input line 4.
LaTeX Font Info:    Font shape `TU/latinmodern-math.otf(1)/m/n' will be
(Font)              scaled to size 4.5pt on input line 4.
LaTeX Font Info:    Font shape `TU/latinmodern-math.otf(2)/m/n' will be
(Font)              scaled to size 9.00082pt on input line 4.
LaTeX Font Info:    Font shape `TU/latinmodern-math.otf(2)/m/n' will be
(Font)              scaled to size 6.30057pt on input line 4.
LaTeX Font Info:    Font shape `TU/latinmodern-math.otf(2)/m/n' will be
(Font)              scaled to size 4.50041pt on input line 4.
LaTeX Font Info:    Font shape `TU/latinmodern-math.otf(3)/m/n' will be
(Font)              scaled to size 8.99904pt on input line 4.
LaTeX Font Info:    Font shape `TU/latinmodern-math.otf(3)/m/n' will be
(Font)              scaled to size 6.29932pt on input line 4.
LaTeX Font Info:    Font shape `TU/latinmodern-math.otf(3)/m/n' will be
(Font)              scaled to size 4.49951pt on input line 4.
[3

]
Underfull \vbox (badness 10000) has occurred while \output is active []

[4] [5]
Overfull \hbox (3.86993pt too wide) detected at line 122
 []\TU/lmss/bx/n/10.79997 213
 []


Overfull \hbox (0.89998pt too wide) detected at line 123
 []\TU/lmss/bx/n/9 215
 []

[6]
Overfull \hbox (0.89998pt too wide) detected at line 130
 []\TU/lmss/bx/n/9 229
 []


Overfull \hbox (3.86993pt too wide) detected at line 136
 []\TU/lmss/bx/n/10.79997 239
 []


Overfull \hbox (0.89998pt too wide) detected at line 137
 []\TU/lmss/bx/n/9 241
 []


Overfull \hbox (0.70555pt too wide) detected at line 144
\TU/lmss/bx/n/10.79997 VII. 
 []


Overfull \hbox (3.86993pt too wide) detected at line 144
 []\TU/lmss/bx/n/10.79997 247
 []


Overfull \hbox (0.89998pt too wide) detected at line 145
 []\TU/lmss/bx/n/9 249
 []

[7]
Overfull \hbox (0.89998pt too wide) detected at line 159
 []\TU/lmss/bx/n/9 261
 []


Overfull \hbox (0.89998pt too wide) detected at line 174
 []\TU/lmss/bx/n/9 289
 []

[8] [9]

Package tocbasic Warning: number width of part toc entries should be increased!
(tocbasic)                Currently used number width = 22.61514pt,
(tocbasic)                Wanted number separation    = 4.31992pt,
(tocbasic)                Reserved number width       = 21.59995pt on input line 238.


Overfull \hbox (4.61514pt too wide) detected at line 238
\TU/lmss/bx/n/10.79997 VIII. 
 []


Overfull \hbox (3.86993pt too wide) detected at line 238
 []\TU/lmss/bx/n/10.79997 371
 []


Overfull \hbox (0.89998pt too wide) detected at line 239
 []\TU/lmss/bx/n/9 373
 []

[10]
Overfull \hbox (0.89998pt too wide) detected at line 260
 []\TU/lmss/bx/n/9 633
 []


Overfull \hbox (3.86993pt too wide) detected at line 265
 []\TU/lmss/bx/n/10.79997 637
 []


Overfull \hbox (0.89998pt too wide) detected at line 266
 []\TU/lmss/bx/n/9 639
 []

[11]
Overfull \hbox (0.89998pt too wide) detected at line 300
 []\TU/lmss/bx/n/9 669
 []


Overfull \hbox (0.89998pt too wide) detected at line 313
 []\TU/lmss/bx/n/9 677
 []

[12]
Overfull \hbox (0.89998pt too wide) detected at line 326
 []\TU/lmss/bx/n/9 687
 []


Overfull \hbox (0.89998pt too wide) detected at line 328
 []\TU/lmss/bx/n/9 691
 []


Overfull \hbox (0.89998pt too wide) detected at line 335
 []\TU/lmss/bx/n/9 697
 []

[13]
Overfull \hbox (3.86993pt too wide) detected at line 365
 []\TU/lmss/bx/n/10.79997 723
 []


Overfull \hbox (0.89998pt too wide) detected at line 366
 []\TU/lmss/bx/n/9 725
 []


Overfull \hbox (3.86993pt too wide) detected at line 386
 []\TU/lmss/bx/n/10.79997 741
 []


Overfull \hbox (0.89998pt too wide) detected at line 387
 []\TU/lmss/bx/n/9 743
 []


Underfull \vbox (badness 10000) has occurred while \output is active []

[14]
Underfull \hbox (badness 1365) in paragraph at lines 390--390
 [][] []\TU/lmr/m/n/9 About My Son (Mirza Muhammad Ali), and the Status of 
 []


Overfull \hbox (0.89998pt too wide) detected at line 391
 []\TU/lmss/bx/n/9 749
 []


Overfull \hbox (0.89998pt too wide) detected at line 392
 []\TU/lmss/bx/n/9 765
 []


Overfull \hbox (0.89998pt too wide) detected at line 395
 []\TU/lmss/bx/n/9 769
 []


Overfull \hbox (0.89998pt too wide) detected at line 398
 []\TU/lmss/bx/n/9 781
 []


Overfull \hbox (0.70555pt too wide) detected at line 399
\TU/lmss/bx/n/10.79997 XII. 
 []


Overfull \hbox (3.86993pt too wide) detected at line 399
 []\TU/lmss/bx/n/10.79997 801
 []


Overfull \hbox (0.89998pt too wide) detected at line 400
 []\TU/lmss/bx/n/9 803
 []

[15] [16] [17] [18]
Overfull \hbox (0.89998pt too wide) detected at line 548
 []\TU/lmss/bx/n/9 859
 []

[19]
Overfull \hbox (0.89998pt too wide) detected at line 560
 []\TU/lmss/bx/n/9 881
 []


Overfull \hbox (0.89998pt too wide) detected at line 561
 []\TU/lmss/bx/n/9 885
 []


Overfull \hbox (0.89998pt too wide) detected at line 563
 []\TU/lmss/bx/n/9 887
 []


Package tocbasic Warning: number width of part toc entries should be increased!
(tocbasic)                Currently used number width = 22.61514pt,
(tocbasic)                Wanted number separation    = 4.31992pt,
(tocbasic)                Reserved number width       = 21.59995pt on input line 564.


Overfull \hbox (4.61514pt too wide) detected at line 564
\TU/lmss/bx/n/10.79997 XIII. 
 []


Overfull \hbox (3.86993pt too wide) detected at line 564
 []\TU/lmss/bx/n/10.79997 889
 []


Overfull \hbox (0.89998pt too wide) detected at line 565
 []\TU/lmss/bx/n/9 891
 []


Overfull \hbox (0.89998pt too wide) detected at line 573
 []\TU/lmss/bx/n/9 897
 []


Package tocbasic Warning: number width of part toc entries should be increased!
(tocbasic)                Currently used number width = 22.71234pt,
(tocbasic)                Wanted number separation    = 4.31992pt,
(tocbasic)                Reserved number width       = 21.59995pt on input line 574.


Overfull \hbox (4.71234pt too wide) detected at line 574
\TU/lmss/bx/n/10.79997 XIV. 
 []


Overfull \hbox (3.86993pt too wide) detected at line 574
 []\TU/lmss/bx/n/10.79997 899
 []


Overfull \hbox (0.89998pt too wide) detected at line 575
 []\TU/lmss/bx/n/9 901
 []


Underfull \vbox (badness 2073) has occurred while \output is active []

[20]
Overfull \hbox (1.13756pt too wide) detected at line 605
\TU/lmss/bx/n/10.79997 XV. 
 []


Overfull \hbox (3.86993pt too wide) detected at line 605
 []\TU/lmss/bx/n/10.79997 921
 []


Overfull \hbox (0.89998pt too wide) detected at line 606
 []\TU/lmss/bx/n/9 923
 []

[21]

Package tocbasic Warning: number width of part toc entries should be increased!
(tocbasic)                Currently used number width = 22.71234pt,
(tocbasic)                Wanted number separation    = 4.31992pt,
(tocbasic)                Reserved number width       = 21.59995pt on input line 628.


Overfull \hbox (4.71234pt too wide) detected at line 628
\TU/lmss/bx/n/10.79997 XVI. 
 []


Overfull \hbox (3.86993pt too wide) detected at line 628
 []\TU/lmss/bx/n/10.79997 945
 []


Overfull \hbox (0.89998pt too wide) detected at line 629
 []\TU/lmss/bx/n/9 947
 []


Overfull \hbox (0.89998pt too wide) detected at line 645
 []\TU/lmss/bx/n/9 955
 []

[22]
Overfull \hbox (0.89998pt too wide) detected at line 663
 []\TU/lmss/bx/n/9 967
 []


Package tocbasic Warning: number width of part toc entries should be increased!
(tocbasic)                Currently used number width = 26.62193pt,
(tocbasic)                Wanted number separation    = 4.31992pt,
(tocbasic)                Reserved number width       = 21.59995pt on input line 670.


Overfull \hbox (8.62193pt too wide) detected at line 670
\TU/lmss/bx/n/10.79997 XVII. 
 []


Overfull \hbox (3.86993pt too wide) detected at line 670
 []\TU/lmss/bx/n/10.79997 971
 []


Overfull \hbox (0.89998pt too wide) detected at line 671
 []\TU/lmss/bx/n/9 973
 []

[23]
Overfull \hbox (4.55397pt too wide) detected at line 694
 []\TU/lmr/m/n/9 1003
 []


Overfull \hbox (4.55397pt too wide) detected at line 695
 []\TU/lmr/m/n/9 1004
 []


Overfull \hbox (4.55397pt too wide) detected at line 696
 []\TU/lmr/m/n/9 1006
 []


Overfull \hbox (4.55397pt too wide) detected at line 697
 []\TU/lmr/m/n/9 1006
 []


Overfull \hbox (4.55397pt too wide) detected at line 698
 []\TU/lmr/m/n/9 1008
 []


Overfull \hbox (4.55397pt too wide) detected at line 699
 []\TU/lmr/m/n/9 1009
 []


Overfull \hbox (4.55397pt too wide) detected at line 700
 []\TU/lmr/m/n/9 1010
 []


Overfull \hbox (4.55397pt too wide) detected at line 701
 []\TU/lmr/m/n/9 1010
 []


Overfull \hbox (4.55397pt too wide) detected at line 702
 []\TU/lmr/m/n/9 1014
 []


Overfull \hbox (4.55397pt too wide) detected at line 703
 []\TU/lmr/m/n/9 1014
 []


Overfull \hbox (4.55397pt too wide) detected at line 704
 []\TU/lmr/m/n/9 1018
 []


Overfull \hbox (4.55397pt too wide) detected at line 705
 []\TU/lmr/m/n/9 1019
 []


Overfull \hbox (4.55397pt too wide) detected at line 706
 []\TU/lmr/m/n/9 1019
 []


Overfull \hbox (4.55397pt too wide) detected at line 707
 []\TU/lmr/m/n/9 1020
 []


Overfull \hbox (4.55397pt too wide) detected at line 708
 []\TU/lmr/m/n/9 1020
 []


Overfull \hbox (4.55397pt too wide) detected at line 709
 []\TU/lmr/m/n/9 1021
 []


Overfull \hbox (4.55397pt too wide) detected at line 710
 []\TU/lmr/m/n/9 1022
 []


Overfull \hbox (4.55397pt too wide) detected at line 711
 []\TU/lmr/m/n/9 1022
 []


Overfull \hbox (4.55397pt too wide) detected at line 712
 []\TU/lmr/m/n/9 1023
 []


Overfull \hbox (4.55397pt too wide) detected at line 713
 []\TU/lmr/m/n/9 1024
 []

[24]
Overfull \hbox (4.55397pt too wide) detected at line 714
 []\TU/lmr/m/n/9 1025
 []


Overfull \hbox (4.55397pt too wide) detected at line 715
 []\TU/lmr/m/n/9 1025
 []


Overfull \hbox (4.55397pt too wide) detected at line 716
 []\TU/lmr/m/n/9 1027
 []


Overfull \hbox (4.55397pt too wide) detected at line 717
 []\TU/lmr/m/n/9 1027
 []


Package tocbasic Warning: number width of part toc entries should be increased!
(tocbasic)                Currently used number width = 30.53152pt,
(tocbasic)                Wanted number separation    = 4.31992pt,
(tocbasic)                Reserved number width       = 21.59995pt on input line 718.


Overfull \hbox (12.53152pt too wide) detected at line 718
\TU/lmss/bx/n/10.79997 XVIII. 
 []


Overfull \hbox (9.8099pt too wide) detected at line 718
 []\TU/lmss/bx/n/10.79997 1029
 []


Overfull \hbox (5.84998pt too wide) detected at line 719
 []\TU/lmss/bx/n/9 1031
 []


Overfull \hbox (5.84998pt too wide) detected at line 720
 []\TU/lmss/bx/n/9 1033
 []


Overfull \hbox (4.55397pt too wide) detected at line 721
 []\TU/lmr/m/n/9 1034
 []


Overfull \hbox (4.55397pt too wide) detected at line 722
 []\TU/lmr/m/n/9 1035
 []


Overfull \hbox (4.55397pt too wide) detected at line 723
 []\TU/lmr/m/n/9 1036
 []


Overfull \hbox (4.55397pt too wide) detected at line 724
 []\TU/lmr/m/n/9 1036
 []


Overfull \hbox (4.55397pt too wide) detected at line 725
 []\TU/lmr/m/n/9 1036
 []


Overfull \hbox (4.55397pt too wide) detected at line 726
 []\TU/lmr/m/n/9 1037
 []


Overfull \hbox (4.55397pt too wide) detected at line 727
 []\TU/lmr/m/n/9 1038
 []


Overfull \hbox (4.55397pt too wide) detected at line 728
 []\TU/lmr/m/n/9 1038
 []


Overfull \hbox (4.55397pt too wide) detected at line 729
 []\TU/lmr/m/n/9 1039
 []


Overfull \hbox (4.55397pt too wide) detected at line 730
 []\TU/lmr/m/n/9 1042
 []


Package tocbasic Warning: number width of part toc entries should be increased!
(tocbasic)                Currently used number width = 22.71234pt,
(tocbasic)                Wanted number separation    = 4.31992pt,
(tocbasic)                Reserved number width       = 21.59995pt on input line 731.


Overfull \hbox (4.71234pt too wide) detected at line 731
\TU/lmss/bx/n/10.79997 XIX. 
 []


Overfull \hbox (9.8099pt too wide) detected at line 731
 []\TU/lmss/bx/n/10.79997 1043
 []


Overfull \hbox (5.84998pt too wide) detected at line 732
 []\TU/lmss/bx/n/9 1045
 []


Overfull \hbox (5.84998pt too wide) detected at line 733
 []\TU/lmss/bx/n/9 1047
 []


Overfull \hbox (5.84998pt too wide) detected at line 734
 []\TU/lmss/bx/n/9 1049
 []


Overfull \hbox (1.13756pt too wide) detected at line 735
\TU/lmss/bx/n/10.79997 XX. 
 []


Overfull \hbox (9.8099pt too wide) detected at line 735
 []\TU/lmss/bx/n/10.79997 1051
 []


Overfull \hbox (5.84998pt too wide) detected at line 736
 []\TU/lmss/bx/n/9 1053
 []


Overfull \hbox (4.55397pt too wide) detected at line 737
 []\TU/lmr/m/n/9 1053
 []


Overfull \hbox (4.55397pt too wide) detected at line 738
 []\TU/lmr/m/n/9 1053
 []

[25]
Overfull \hbox (4.55397pt too wide) detected at line 739
 []\TU/lmr/m/n/9 1056
 []


Overfull \hbox (4.55397pt too wide) detected at line 740
 []\TU/lmr/m/n/9 1058
 []


Overfull \hbox (4.55397pt too wide) detected at line 741
 []\TU/lmr/m/n/9 1061
 []


Overfull \hbox (4.55397pt too wide) detected at line 742
 []\TU/lmr/m/n/9 1064
 []


Overfull \hbox (4.55397pt too wide) detected at line 743
 []\TU/lmr/m/n/9 1066
 []


Overfull \hbox (4.55397pt too wide) detected at line 744
 []\TU/lmr/m/n/9 1069
 []


Overfull \hbox (4.55397pt too wide) detected at line 745
 []\TU/lmr/m/n/9 1071
 []


Overfull \hbox (4.55397pt too wide) detected at line 746
 []\TU/lmr/m/n/9 1073
 []


Overfull \hbox (4.55397pt too wide) detected at line 747
 []\TU/lmr/m/n/9 1075
 []


Overfull \hbox (4.55397pt too wide) detected at line 748
 []\TU/lmr/m/n/9 1077
 []


Overfull \hbox (4.55397pt too wide) detected at line 749
 []\TU/lmr/m/n/9 1079
 []


Overfull \hbox (4.55397pt too wide) detected at line 750
 []\TU/lmr/m/n/9 1082
 []


Overfull \hbox (4.55397pt too wide) detected at line 751
 []\TU/lmr/m/n/9 1084
 []


Overfull \hbox (4.55397pt too wide) detected at line 752
 []\TU/lmr/m/n/9 1086
 []


Overfull \hbox (4.55397pt too wide) detected at line 753
 []\TU/lmr/m/n/9 1089
 []


Overfull \hbox (4.55397pt too wide) detected at line 754
 []\TU/lmr/m/n/9 1091
 []


Overfull \hbox (4.55397pt too wide) detected at line 755
 []\TU/lmr/m/n/9 1094
 []


Overfull \hbox (4.55397pt too wide) detected at line 756
 []\TU/lmr/m/n/9 1096
 []


Overfull \hbox (4.55397pt too wide) detected at line 757
 []\TU/lmr/m/n/9 1098
 []


Overfull \hbox (4.55397pt too wide) detected at line 758
 []\TU/lmr/m/n/9 1101
 []

)
\tf@toc=\write3
\openout3 = `index.toc'.

[26] [1



] [2]
part I.
Package scrkbase Info: You've told me to use the font selection of the element
(scrkbase)             `partprefix' that is an alias of element `partnumber'
(scrkbase)              on input line 206.
[3

] [4] [5

] [6] [7] [8] [9] [10] [11] [12] [13] [14] [15] [16] [17] [18] [19] [20]
Underfull \vbox (badness 2698) has occurred while \output is active []

[21] [22] [23] [24] [25] [26] [27] [28] [29] [30] [31] [32] [33] [34]
part II.
Package scrkbase Info: You've told me to use the font selection of the element
(scrkbase)             `partprefix' that is an alias of element `partnumber'
(scrkbase)              on input line 1430.
[35

] [36] [37

] [38] [39] [40] [41] [42] [43] [44] [45] [46] [47] [48] [49

] [50] [51] [52] [53] [54] [55] [56] [57] [58] [59] [60] [61] [62] [63] [64] [65] [66

]
part III.
Package scrkbase Info: You've told me to use the font selection of the element
(scrkbase)             `partprefix' that is an alias of element `partnumber'
(scrkbase)              on input line 2653.
[67] [68] [69

] [70] [71] [72] [73] [74] [75] [76] [77] [78] [79] [80] [81] [82] [83] [84] [85] [86] [87] [88] [89]
Missing character: There is no  (U+0643) in font [lmroman9-regular]:mapping=tex-text;!
Missing character: There is no  (U+0646) in font [lmroman9-regular]:mapping=tex-text;!
[90]
Missing character: There is no  (U+062C) in font [lmroman9-regular]:mapping=tex-text;!
Missing character: There is no  (U+0634) in font [lmroman9-regular]:mapping=tex-text;!
Missing character: There is no  (U+0643) in font [lmroman9-regular]:mapping=tex-text;!
[91] [92

]
part IV.
Package scrkbase Info: You've told me to use the font selection of the element
(scrkbase)             `partprefix' that is an alias of element `partnumber'
(scrkbase)              on input line 3633.
[93] [94] [95

] [96] [97] [98] [99] [100] [101] [102] [103] [104] [105] [106] [107] [108] [109] [110] [111] [112] [113] [114] [115]
Underfull \vbox (badness 4927) has occurred while \output is active []

[116] [117]
Underfull \vbox (badness 1558) has occurred while \output is active []

[118] [119] [120] [121] [122] [123] [124] [125] [126] [127] [128] [129] [130] [131] [132] [133] [134] [135] [136] [137] [138] [139] [140] [141] [142] [143] [144] [145] [146]
Missing character: There is no  (U+0627) in font [lmroman9-regular]:mapping=tex-text;!
Missing character: There is no  (U+0630) in font [lmroman9-regular]:mapping=tex-text;!
Missing character: There is no  (U+0627) in font [lmroman9-regular]:mapping=tex-text;!
Missing character: There is no  (U+0627) in font [lmroman9-regular]:mapping=tex-text;!
Missing character: There is no  (U+0630) in font [lmroman9-regular]:mapping=tex-text;!
Missing character: There is no  (U+0627) in font [lmroman9-regular]:mapping=tex-text;!
Missing character: There is no  (U+0627) in font [lmroman9-regular]:mapping=tex-text;!
Missing character: There is no  (U+0630) in font [lmroman9-regular]:mapping=tex-text;!
Missing character: There is no  (U+0627) in font [lmroman9-regular]:mapping=tex-text;!
[147] [148] [149] [150] [151] [152] [153] [154] [155] [156] [157] [158] [159] [160] [161] [162] [163] [164] [165] [166] [167] [168] [169] [170] [171] [172] [173] [174] [175] [176] [177] [178] [179] [180] [181] [182] [183] [184] [185] [186] [187] [188] [189] [190] [191] [192] [193] [194] [195] [196] [197] [198] [199] [200] [201] [202] [203] [204] [205] [206] [207] [208] [209] [210] [211] [212]
part V.
Package scrkbase Info: You've told me to use the font selection of the element
(scrkbase)             `partprefix' that is an alias of element `partnumber'
(scrkbase)              on input line 8480.
[213

] [214] [215

]
Underfull \vbox (badness 10000) has occurred while \output is active []

[216] [217] [218] [219] [220] [221] [222] [223] [224] [225] [226] [227] [228

] [229] [230] [231] [232] [233] [234] [235] [236] [237] [238

]
part VI.
Package scrkbase Info: You've told me to use the font selection of the element
(scrkbase)             `partprefix' that is an alias of element `partnumber'
(scrkbase)              on input line 9356.
[239] [240] [241

] [242] [243] [244] [245] [246]
part VII.
Package scrkbase Info: You've told me to use the font selection of the element
(scrkbase)             `partprefix' that is an alias of element `partnumber'
(scrkbase)              on input line 9599.
[247

] [248] [249

] [250] [251] [252] [253] [254] [255] [256] [257] [258] [259] [260

] [261] [262] [263] [264] [265] [266] [267] [268] [269] [270] [271] [272] [273] [274] [275] [276] [277] [278]
Underfull \vbox (badness 10000) has occurred while \output is active []

[279] [280] [281] [282] [283] [284] [285] [286] [287] [288

] [289] [290] [291] [292] [293] [294] [295] [296] [297] [298] [299] [300] [301] [302] [303] [304] [305] [306] [307] [308] [309] [310] [311] [312] [313] [314] [315] [316] [317] [318] [319] [320] [321] [322] [323] [324] [325]
Underfull \vbox (badness 2600) has occurred while \output is active []

[326]
Underfull \vbox (badness 3364) has occurred while \output is active []

[327] [328] [329] [330] [331] [332] [333] [334] [335] [336] [337]
Underfull \vbox (badness 10000) has occurred while \output is active []

[338] [339] [340] [341] [342] [343]
Underfull \vbox (badness 2698) has occurred while \output is active []

[344] [345] [346] [347] [348] [349] [350]
Underfull \vbox (badness 2426) has occurred while \output is active []

[351] [352] [353] [354] [355] [356] [357] [358] [359] [360] [361] [362] [363] [364] [365] [366] [367] [368] [369] [370

]
part VIII.
Package scrkbase Info: You've told me to use the font selection of the element
(scrkbase)             `partprefix' that is an alias of element `partnumber'
(scrkbase)              on input line 14484.
[371] [372] [373

] [374] [375] [376]
LaTeX Font Info:    Calculating math sizes for size <7.50009> on input line 14680.
LaTeX Font Info:    Font shape `TU/latinmodern-math.otf(1)/m/n' will be
(Font)              scaled to size 7.50009pt on input line 14680.
LaTeX Font Info:    Font shape `TU/latinmodern-math.otf(1)/m/n' will be
(Font)              scaled to size 5.25003pt on input line 14680.
LaTeX Font Info:    Font shape `TU/latinmodern-math.otf(1)/m/n' will be
(Font)              scaled to size 3.75005pt on input line 14680.
LaTeX Font Info:    Font shape `TU/latinmodern-math.otf(2)/m/n' will be
(Font)              scaled to size 7.50078pt on input line 14680.
LaTeX Font Info:    Font shape `TU/latinmodern-math.otf(2)/m/n' will be
(Font)              scaled to size 5.2505pt on input line 14680.
LaTeX Font Info:    Font shape `TU/latinmodern-math.otf(2)/m/n' will be
(Font)              scaled to size 3.75038pt on input line 14680.
LaTeX Font Info:    Font shape `TU/latinmodern-math.otf(3)/m/n' will be
(Font)              scaled to size 7.49928pt on input line 14680.
LaTeX Font Info:    Font shape `TU/latinmodern-math.otf(3)/m/n' will be
(Font)              scaled to size 5.24947pt on input line 14680.
LaTeX Font Info:    Font shape `TU/latinmodern-math.otf(3)/m/n' will be
(Font)              scaled to size 3.74963pt on input line 14680.
[377] [378] [379] [380] [381] [382] [383] [384] [385] [386] [387] [388] [389] [390] [391] [392] [393] [394] [395] [396] [397] [398] [399] [400] [401] [402] [403] [404] [405] [406] [407] [408] [409] [410] [411] [412] [413] [414] [415] [416] [417] [418] [419] [420] [421] [422] [423] [424] [425] [426] [427] [428] [429] [430] [431] [432] [433] [434] [435] [436] [437] [438] [439] [440] [441] [442] [443] [444] [445] [446] [447] [448] [449] [450] [451] [452] [453] [454] [455] [456] [457] [458] [459] [460] [461] [462] [463] [464] [465] [466] [467] [468] [469] [470] [471] [472] [473] [474] [475] [476] [477] [478] [479] [480] [481] [482] [483] [484] [485] [486] [487] [488] [489] [490] [491] [492] [493] [494] [495] [496] [497] [498] [499] [500] [501] [502] [503] [504] [505] [506] [507] [508] [509] [510] [511] [512] [513] [514] [515] [516] [517] [518] [519] [520] [521] [522] [523] [524] [525] [526] [527] [528] [529] [530] [531] [532] [533] [534] [535] [536] [537] [538] [539] [540] [541] [542] [543] [544] [545] [546] [547] [548] [549] [550] [551] [552] [553] [554] [555] [556] [557] [558] [559] [560] [561] [562] [563] [564] [565] [566] [567] [568] [569] [570] [571] [572] [573] [574] [575] [576] [577] [578] [579] [580] [581] [582] [583] [584]
Missing character: There is no  (U+0625) in font [lmroman9-regular]:mapping=tex-text;!
Missing character: There is no  (U+0644) in font [lmroman9-regular]:mapping=tex-text;!
Missing character: There is no  (U+0627) in font [lmroman9-regular]:mapping=tex-text;!
Missing character: There is no  (U+0651) in font [lmroman9-regular]:mapping=tex-text;!
Missing character: There is no  (U+0641) in font [lmroman9-regular]:mapping=tex-text;!
Missing character: There is no  (U+06CC) in font [lmroman9-regular]:mapping=tex-text;!
Missing character: There is no  (U+0638) in font [lmroman9-regular]:mapping=tex-text;!
Missing character: There is no  (U+0647) in font [lmroman9-regular]:mapping=tex-text;!
Missing character: There is no  (U+0648) in font [lmroman9-regular]:mapping=tex-text;!
Missing character: There is no  (U+0631) in font [lmroman9-regular]:mapping=tex-text;!
Missing character: There is no  (U+0627) in font [lmroman9-regular]:mapping=tex-text;!
Missing character: There is no  (U+0644) in font [lmroman9-regular]:mapping=tex-text;!
Missing character: There is no  (U+0644) in font [lmroman9-regular]:mapping=tex-text;!
Missing character: There is no  (U+0647) in font [lmroman9-regular]:mapping=tex-text;!
[585] [586] [587] [588] [589] [590] [591] [592] [593] [594] [595] [596] [597] [598] [599] [600] [601] [602] [603] [604] [605] [606] [607] [608] [609] [610] [611] [612] [613] [614] [615] [616] [617] [618] [619] [620] [621] [622] [623] [624] [625] [626] [627] [628] [629] [630] [631] [632] [633

] [634] [635] [636]
part IX.
Package scrkbase Info: You've told me to use the font selection of the element
(scrkbase)             `partprefix' that is an alias of element `partnumber'
(scrkbase)              on input line 25153.
[637

] [638] [639

] [640] [641] [642] [643] [644] [645] [646]
Underfull \vbox (badness 10000) has occurred while \output is active []

[647] [648] [649] [650] [651] [652] [653] [654]
Underfull \vbox (badness 2426) has occurred while \output is active []

[655] [656] [657] [658] [659] [660] [661] [662] [663] [664] [665] [666]
Underfull \vbox (badness 4713) has occurred while \output is active []

[667] [668] [669

] [670] [671] [672] [673] [674] [675] [676] [677

] [678]
Underfull \vbox (badness 10000) has occurred while \output is active []

[679] [680] [681] [682] [683] [684] [685] [686] [687

] [688] [689] [690] [691

] [692]
Underfull \vbox (badness 1248) has occurred while \output is active []

[693] [694] [695] [696

] [697] [698] [699] [700] [701] [702] [703] [704] [705] [706] [707] [708] [709] [710] [711] [712] [713] [714] [715] [716] [717] [718] [719] [720] [721] [722]
part X.
Package scrkbase Info: You've told me to use the font selection of the element
(scrkbase)             `partprefix' that is an alias of element `partnumber'
(scrkbase)              on input line 28458.
[723

] [724] [725

] [726] [727] [728] [729]
Underfull \vbox (badness 1009) has occurred while \output is active []

[730] [731] [732] [733] [734] [735] [736] [737] [738] [739] [740]
part XI.
Package scrkbase Info: You've told me to use the font selection of the element
(scrkbase)             `partprefix' that is an alias of element `partnumber'
(scrkbase)              on input line 29086.
[741

] [742] [743

] [744]
Overfull \hbox (46.89049pt too wide) has occurred while \output is active
[] |\TU/lmr/m/sl/9 People Know According to Their Levels, Not According To What Was Destined For Them[]
 []

[745]
Underfull \vbox (badness 10000) has occurred while \output is active []

[746] [747] [748] [749

] [750] [751] [752] [753] [754] [755] [756] [757] [758] [759] [760] [761] [762] [763] [764] [765

] [766] [767] [768

] [769] [770] [771] [772] [773] [774] [775] [776] [777] [778] [779] [780

] [781] [782] [783] [784] [785] [786] [787] [788] [789] [790] [791] [792] [793] [794] [795] [796] [797] [798] [799] [800

]
part XII.
Package scrkbase Info: You've told me to use the font selection of the element
(scrkbase)             `partprefix' that is an alias of element `partnumber'
(scrkbase)              on input line 31253.
[801] [802] [803

] [804] [805] [806] [807]
Missing character: There is no  (U+0632) in font [lmroman9-regular]:mapping=tex-text;!
Missing character: There is no  (U+0637) in font [lmroman9-regular]:mapping=tex-text;!
Missing character: There is no  (U+0645) in font [lmroman9-regular]:mapping=tex-text;!
Missing character: There is no  (U+0642) in font [lmroman9-regular]:mapping=tex-text;!
Missing character: There is no  (U+062A) in font [lmroman9-regular]:mapping=tex-text;!
Missing character: There is no  (U+062D) in font [lmroman9-regular]:mapping=tex-text;!
Missing character: There is no  (U+062A) in font [lmroman9-regular]:mapping=tex-text;!
Missing character: There is no  (U+0641) in font [lmroman9-regular]:mapping=tex-text;!
Missing character: There is no  (U+0632) in font [lmroman9-regular]:mapping=tex-text;!
Missing character: There is no  (U+062A) in font [lmroman9-regular]:mapping=tex-text;!
Missing character: There is no  (U+0643) in font [lmroman9-regular]:mapping=tex-text;!
[808]
Missing character: There is no  (U+0648) in font [lmroman9-regular]:mapping=tex-text;!
Missing character: There is no  (U+0631) in font [lmroman9-regular]:mapping=tex-text;!
Missing character: There is no  (U+0641) in font [lmroman9-regular]:mapping=tex-text;!
Missing character: There is no  (U+064A) in font [lmroman9-regular]:mapping=tex-text;!
Missing character: There is no  (U+0639) in font [lmroman9-regular]:mapping=tex-text;!
Missing character: There is no  (U+0647) in font [lmroman9-regular]:mapping=tex-text;!
Missing character: There is no  (U+0634) in font [lmroman9-regular]:mapping=tex-text;!
Missing character: There is no  (U+062F) in font [lmroman9-regular]:mapping=tex-text;!
Missing character: There is no  (U+0631) in font [lmroman9-regular]:mapping=tex-text;!
Missing character: There is no  (U+0645) in font [lmroman9-regular]:mapping=tex-text;!
Missing character: There is no  (U+062C) in font [lmroman9-regular]:mapping=tex-text;!
Missing character: There is no  (U+0642) in font [lmroman9-regular]:mapping=tex-text;!
Missing character: There is no  (U+0641) in font [lmroman9-regular]:mapping=tex-text;!
[809] [810] [811] [812] [813] [814] [815] [816] [817] [818] [819] [820] [821] [822] [823] [824] [825] [826] [827] [828] [829] [830] [831] [832] [833] [834] [835] [836] [837] [838] [839] [840] [841] [842] [843] [844] [845] [846] [847] [848] [849] [850] [851] [852] [853] [854] [855] [856] [857] [858] [859

] [860] [861] [862] [863] [864] [865] [866] [867] [868] [869] [870] [871] [872] [873] [874] [875] [876] [877] [878] [879] [880

] [881] [882] [883] [884] [885

] [886] [887

] [888

]
part XIII.
Package scrkbase Info: You've told me to use the font selection of the element
(scrkbase)             `partprefix' that is an alias of element `partnumber'
(scrkbase)              on input line 34879.
[889] [890] [891

] [892] [893] [894] [895] [896

] [897] [898

]
part XIV.
Package scrkbase Info: You've told me to use the font selection of the element
(scrkbase)             `partprefix' that is an alias of element `partnumber'
(scrkbase)              on input line 35126.
[899] [900] [901

] [902] [903] [904] [905] [906] [907] [908] [909] [910] [911] [912] [913] [914] [915] [916] [917]
Underfull \hbox (badness 1424) in paragraph at lines 35866--35871
\TU/lmr/m/n/9 Further, praise be to God, the delight of the eye, Husayn Effendi
 []


Underfull \hbox (badness 1867) in paragraph at lines 35866--35871
\TU/lmr/m/n/9 (Diyaullah), and the leaf Waraqaiyya Khanum (possibly Bahiyyih,
 []

[918] [919] [920

]
part XV.
Package scrkbase Info: You've told me to use the font selection of the element
(scrkbase)             `partprefix' that is an alias of element `partnumber'
(scrkbase)              on input line 35894.
[921] [922] [923

] [924] [925] [926] [927] [928] [929] [930] [931]
Underfull \vbox (badness 10000) has occurred while \output is active []

[932] [933] [934] [935] [936] [937] [938] [939] [940] [941] [942] [943] [944]
part XVI.
Package scrkbase Info: You've told me to use the font selection of the element
(scrkbase)             `partprefix' that is an alias of element `partnumber'
(scrkbase)              on input line 36783.
[945

] [946] [947

] [948] [949] [950] [951] [952] [953] [954

] [955] [956] [957] [958] [959] [960]
Overfull \hbox (79.15973pt too wide) has occurred while \output is active
[] |\TU/lmr/m/sl/9 The Red Book (Kitab-i-Aqdas) is the Cause of the Elevation of Servants and Building of Countries[]
 []

[961]
Underfull \vbox (badness 1424) has occurred while \output is active []

[962] [963] [964] [965] [966

] [967] [968] [969] [970]
part XVII.
Package scrkbase Info: You've told me to use the font selection of the element
(scrkbase)             `partprefix' that is an alias of element `partnumber'
(scrkbase)              on input line 37661.
[971

] [972] [973

] [974] [975] [976] [977] [978] [979] [980] [981] [982] [983] [984] [985] [986] [987] [988] [989] [990] [991] [992]
Underfull \vbox (badness 10000) has occurred while \output is active []

[993]
Underfull \vbox (badness 5446) has occurred while \output is active []

[994] [995] [996] [997] [998] [999] [1000] [1001] [1002] [